*******************************************************************
Job name: A/R Service Invoice Synchronization (Fiex & SAP)
Argument: Server Batch Job
Start Time: 2018-11-02 10:16:50Z
Login to SAP Success, The following is the login information:
-------------------------------------------------------------------
SAP Database: PAY800
Login Server: 10.1.1.180
Login User  : manager
-------------------------------------------------------------------


[EXPORT] Export Data To Flex Environment.

2018-11-02 10:16:50Z: Process Record: [[EXPORT]AR 3280], Success

[EXPORT] --------------------------------


[POSTED] Create New A/R Service Invoice in SAP System.


[POSTED] -----------------------------------------


[POSTED] Create New A/R Service Invoice in SAP System.


[POSTED] -----------------------------------------




No of records process: 1
No of records success: 1
No of records skip: 0
No of records fail: 0

End Time: 2018-11-02 10:16:50Z
Job Complete [Success]
*******************************************************************

