*******************************************************************
Job name: A/P Service Invoice Synchronization (Fiex & SAP)
Argument: Server Batch Job
Start Time: 2016-01-22 10:22:55Z
Login to SAP Success, The following is the login information:
-------------------------------------------------------------------
SAP Database: PAY800
Login Server: 10.1.1.13
Login User  : manager
-------------------------------------------------------------------


[EXPORT] Export Data To Flex Environment.

2016-01-22 10:22:56Z: Process Record: [[EXPORT]AP 24380], Success

[EXPORT] --------------------------------


[POSTED] Create New A/P Service Invoice in SAP System.


[POSTED] -----------------------------------------


[POSTED] Create New A/P Service Invoice in SAP System.


[POSTED] -----------------------------------------




No of records process: 1
No of records success: 1
No of records skip: 0
No of records fail: 0

End Time: 2016-01-22 10:22:56Z
Job Complete [Success]
*******************************************************************

