*******************************************************************
Job name: Sales Quotation (SAP)
Argument: Server Batch Job
Start Time: 2016-01-22 11:14:27Z
Login to SAP Success, The following is the login information:
-------------------------------------------------------------------
SAP Database: PAY800
Login Server: 10.1.1.13
Login User  : manager
-------------------------------------------------------------------


[POSTED] Create New Sales Quotation in SAP System.

2016-01-22 11:14:27Z: Process Record: [218], Success
2016-01-22 11:14:27Z: Process Record: [219], Success



No of records process: 2
No of records success: 2
No of records skip: 0
No of records fail: 0

End Time: 2016-01-22 11:14:27Z
Job Complete [Success]
*******************************************************************

