*******************************************************************
Job name: A/P Service Invoice Synchronization (Fiex & SAP)
Argument: Server Batch Job
Start Time: 2021-03-29 01:37:03Z
Login to SAP Success, The following is the login information:
-------------------------------------------------------------------
SAP Database: PAY800
Login Server: 10.1.52.126
Login User  : manager
-------------------------------------------------------------------


[EXPORT] Export Data To Flex Environment.


[ExAcctCode] Get SubConBQ Info (Project Code: 11042B8H, Account Code: CC.SC068)


[ExAcctCode] Get SubConBQ Info (Project Code: 11042B8H, Account Code: CC.SC068)


[ExAcctCode] Get SubConBQ Info (Project Code: 11042B8H, Account Code: CC.SC068)


[ExAcctCode] Get SubConBQ Info (Project Code: 11042B8H, Account Code: CC.SC068)


[ExAcctCode] Get SubConBQ Info (Project Code: 11042B8H, Account Code: CC.SC068)


[ExAcctCode] Get SubConBQ Info (Project Code: 11042B8H, Account Code: CC.SC068)


[ExAcctCode] Get SubConBQ Info (Project Code: 11042B8H, Account Code: CC.SC068)


[ExAcctCode] Get SubConBQ Info (Project Code: 11042B8H, Account Code: CC.SC068)


[ExAcctCode] Get SubConBQ Info (Project Code: 11042B8H, Account Code: CC.SC068)


[ExAcctCode] Get SubConBQ Info (Project Code: 11042B8H, Account Code: CC.SC068)


[ExAcctCode] Get SubConBQ Info (Project Code: 11042B8H, Account Code: CC.SC068)


[ExAcctCode] Get SubConBQ Info (Project Code: 11042B8H, Account Code: CC.SC068)


[ExAcctCode] Get SubConBQ Info (Project Code: 11042B8H, Account Code: CC.SC068)


[ExAcctCode] Get SubConBQ Info (Project Code: 11042B8H, Account Code: CC.SC068)


[ExAcctCode] Get SubConBQ Info (Project Code: 11042B8H, Account Code: CC.SC068)


[ExAcctCode] Get SubConBQ Info (Project Code: 11042B8H, Account Code: CC.SC068)


[ExAcctCode] Get SubConBQ Info (Project Code: 11042B8H, Account Code: CC.SC068)


[ExAcctCode] Get SubConBQ Info (Project Code: 11042B8H, Account Code: CC.SC068)


[ExAcctCode] Get SubConBQ Info (Project Code: 11042B8H, Account Code: CC.SC068)


[ExAcctCode] Get SubConBQ Info (Project Code: 11042B8H, Account Code: CC.SC068)


[ExAcctCode] Get SubConBQ Info (Project Code: 11042B8H, Account Code: CC.SC068)


[ExAcctCode] Get SubConBQ Info (Project Code: 11042B8H, Account Code: CC.SC068)

2021-03-29 01:37:03Z: Process Record: [[EXPORT]AP 66128], Success

[EXPORT] --------------------------------


[POSTED] Create New A/P Service Invoice in SAP System.


[POSTED] -----------------------------------------


[POSTED] Create New A/P Service Invoice in SAP System.


[POSTED] -----------------------------------------


[ERROR] Error the document draft from backend table in SAP.


[ERROR] ----------------------------------------------------


[REJECT] Reject the document draft from backend table in SAP.


[REJECT] ----------------------------------------------------




No of records process: 1
No of records success: 1
No of records skip: 0
No of records fail: 0

End Time: 2021-03-29 01:37:03Z
Job Complete [Success]
*******************************************************************

