*******************************************************************
Job name: A/R Service Invoice Synchronization (Fiex & SAP)
Argument: Server Batch Job
Start Time: 2018-11-13 16:38:47Z
Login to SAP Success, The following is the login information:
-------------------------------------------------------------------
SAP Database: PAY800
Login Server: 10.1.1.180
Login User  : manager
-------------------------------------------------------------------


[EXPORT] Export Data To Flex Environment.

2018-11-13 16:38:47Z: Process Record: [[EXPORT]AR 3316], Exception

[EXPORT] --------------------------------


[POSTED] Create New A/R Service Invoice in SAP System.

2018-11-13 16:38:47Z: Process Record: [MAIN], Exception


Exception Skip Record:
-------------------------------------------------------------------
Process Record: [[EXPORT]AR 3316]
Exception Detail: 
System.NullReferenceException: Object reference not set to an instance of an object.
   at CPS.DI.Interface.Connection.EndTransaction(TransStatus pStatus) in E:\Source\DILibrary - 1.1.3\DILibrary\Interface\Connection.vb:line 112
   at JournalSync.Interface.Synchronization.EndTransaction(TransStatus pStatus) in E:\Source\JournalSync - 20101013\JournalSync\Synchronization\Interface\Synchronization.vb:line 674
   at JournalSync.SyncMainClass.S_Invoice.Export() in E:\Source\JournalSync - 20101013\JournalSync\Synchronization\Process Class\Phase 1\Client Payment Certificate Data.vb:line 536
Process Record: [MAIN]
Exception Detail: 

System Operation - Process Exception
System Check Point: FLEX_PROCESS
System Error code: -998
System Error message: System.Data.SqlClient.SqlException: A network-related or instance-specific error occurred while establishing a connection to SQL Server. The server was not found or was not accessible. Verify that the instance name is correct and that SQL Server is configured to allow remote connections. (provider: Named Pipes Provider, error: 40 - Could not open a connection to SQL Server)
   at System.Data.ProviderBase.DbConnectionPool.GetConnection(DbConnection owningObject)
   at System.Data.ProviderBase.DbConnectionFactory.GetConnection(DbConnection owningConnection)
   at System.Data.ProviderBase.DbConnectionClosed.OpenConnection(DbConnection outerConnection, DbConnectionFactory connectionFactory)
   at System.Data.SqlClient.SqlConnection.Open()
   at System.Data.Common.DbDataAdapter.QuietOpen(IDbConnection connection, ConnectionState& originalState)
   at System.Data.Common.DbDataAdapter.FillInternal(DataSet dataset, DataTable[] datatables, Int32 startRecord, Int32 maxRecords, String srcTable, IDbCommand command, CommandBehavior behavior)
   at System.Data.Common.DbDataAdapter.Fill(DataTable[] dataTables, Int32 startRecord, Int32 maxRecords, IDbCommand command, CommandBehavior behavior)
   at System.Data.Common.DbDataAdapter.Fill(DataTable dataTable)
   at CPS.DI.Interface.Connection.DataTable(String pSqlStr) in E:\Source\DILibrary - 1.1.3\DILibrary\Interface\Connection.vb:line 249

Detail Description: --------------------
Unable to Execute [Select] Query
--------------------------------------------
Select Distinct PIVOU_BCH_ID From [COM].[dbo].[PIVOU] WHERE 
  (( PIVOU_FLX_STA = 'P') 
 AND ( PIVOU_BCH_ID Like 'C%') 
 AND (( PIVOU_PCMS_STA = '') 
 OR ( PIVOU_PCMS_STA Is Null ))) 

--------------------------------------------

----------------------------------------
-------------------------------------------------------------------

No of records process: 2
No of records success: 0
No of records skip: 2
No of records fail: 0

End Time: 2018-11-13 16:38:47Z
Job Complete [Failure]
*******************************************************************

