*******************************************************************
Job name: A/R Service Invoice Synchronization (Fiex & SAP)
Argument: Server Batch Job
Start Time: 2018-04-20 14:48:08Z
Login to SAP Success, The following is the login information:
-------------------------------------------------------------------
SAP Database: PAY800
Login Server: 10.1.1.13
Login User  : manager
-------------------------------------------------------------------


[EXPORT] Export Data To Flex Environment.


[EXPORT] --------------------------------


[POSTED] Create New A/R Service Invoice in SAP System.

2018-04-20 14:48:08Z: Process Record: [C000001891], Success

[POSTED] -----------------------------------------


[POSTED] Create New A/R Service Invoice in SAP System.


[POSTED] -----------------------------------------




No of records process: 1
No of records success: 1
No of records skip: 0
No of records fail: 0

End Time: 2018-04-20 14:48:08Z
Job Complete [Success]
*******************************************************************

