*******************************************************************
Job name: A/P Service Invoice Synchronization (Fiex & SAP)
Argument: Server Batch Job
Start Time: 2017-02-06 17:33:59Z
Login to SAP Success, The following is the login information:
-------------------------------------------------------------------
SAP Database: PAY800
Login Server: 10.1.1.13
Login User  : manager
-------------------------------------------------------------------


[EXPORT] Export Data To Flex Environment.


[ExAcctCode] Get SubConBQ Info (Project Code: 11040B3H, Account Code: CC.SC002)

2017-02-06 17:33:59Z: Process Record: [[EXPORT]AP 24431], Success

[EXPORT] --------------------------------


[POSTED] Create New A/P Service Invoice in SAP System.


[POSTED] -----------------------------------------


[POSTED] Create New A/P Service Invoice in SAP System.


[POSTED] -----------------------------------------


[REJECT] Reject the document draft from backend table in SAP.


[REJECT] ----------------------------------------------------




No of records process: 1
No of records success: 1
No of records skip: 0
No of records fail: 0

End Time: 2017-02-06 17:33:59Z
Job Complete [Success]
*******************************************************************

