*******************************************************************
Job name: A/P Item Invoice with Approval Procedure Synchronization (Fiex & SAP)
Argument: Server Batch Job
Start Time: 2019-09-18 10:08:42Z
Login to SAP Success, The following is the login information:
-------------------------------------------------------------------
SAP Database: PAY800
Login Server: 10.1.52.126
Login User  : manager
-------------------------------------------------------------------


[EXPORT] Export Data To Flex Environment.

2019-09-18 10:08:42Z: Process Record: [[EXPORT]AP 88656], Success
2019-09-18 10:08:42Z: Process Record: [[EXPORT]AP 88655], Success

[EXPORT] --------------------------------


[POSTED] Create New A/P Item Invoice in SAP System.

2019-09-18 10:08:42Z: Process Record: [88653], Failure

[POSTED] -----------------------------------------


[ERROR] Reject the document draft from backend table in SAP.


[ERROR] ----------------------------------------------------


[REJECT] Reject the document draft from backend table in SAP.


[REJECT] ----------------------------------------------------


[DELETE] Batch Delete Accepted Document by Flex


[DELETE] --------------------------------------------------


Failure Record:
-------------------------------------------------------------------
Process Record: [88653]
Error Reason: 
 [PCH1.AcctCode][line: 1] , 'G/L account is missing (1)'
-------------------------------------------------------------------


No of records process: 3
No of records success: 2
No of records skip: 0
No of records fail: 1

End Time: 2019-09-18 10:08:42Z
Job Complete [Failure]
*******************************************************************

