*******************************************************************
Job name: Purchase Order (SAP)
Argument: Server Batch Job
Start Time: 2016-12-06 18:03:28Z
Login to SAP Success, The following is the login information:
-------------------------------------------------------------------
SAP Database: PAY800
Login Server: 10.1.1.13
Login User  : manager
-------------------------------------------------------------------


[POSTED] Create New Purchase Order in SAP System.

2016-12-06 18:03:28Z: Process Record: [56304], Success
2016-12-06 18:03:28Z: Process Record: [56305], Success



No of records process: 2
No of records success: 2
No of records skip: 0
No of records fail: 0

End Time: 2016-12-06 18:03:28Z
Job Complete [Success]
*******************************************************************

