*******************************************************************
Job name: A/P Service Invoice Synchronization (Fiex & SAP)
Argument: Server Batch Job
Start Time: 2017-05-15 15:07:57Z
Login to SAP Success, The following is the login information:
-------------------------------------------------------------------
SAP Database: PAY800
Login Server: 10.1.1.13
Login User  : manager
-------------------------------------------------------------------


[EXPORT] Export Data To Flex Environment.


[EXPORT] --------------------------------


[POSTED] Create New A/P Service Invoice in SAP System.

2017-05-15 15:07:57Z: Process Record: [S000024466], Success

[POSTED] -----------------------------------------


[POSTED] Create New A/P Service Invoice in SAP System.


[POSTED] -----------------------------------------


[ERROR] Error the document draft from backend table in SAP.


[ERROR] ----------------------------------------------------


[REJECT] Reject the document draft from backend table in SAP.


[REJECT] ----------------------------------------------------




No of records process: 1
No of records success: 1
No of records skip: 0
No of records fail: 0

End Time: 2017-05-15 15:07:57Z
Job Complete [Success]
*******************************************************************

