*******************************************************************
Job name: A/P Credit Memo with Approval Procedure Synchronization (Fiex & SAP)
Argument: Server Batch Job
Start Time: 2013-11-20 11:17:00Z
Login to SAP Success, The following is the login information:
-------------------------------------------------------------------
SAP Database: PAY800
Login Server: 10.1.1.13
Login User  : manager
-------------------------------------------------------------------


[EXPORT] Export Data To Flex Environment.


[ExAcctCode] Get SubConBQ Info (Project Code: 06006B3H, Account Code: CC.SC062)


[ExAcctCode] Get SubConBQ Info (Project Code: 06006B3H, Account Code: CC.SC062)

2013-11-20 11:17:00Z: Process Record: [[EXPORT]AP 48244], Success

[EXPORT] --------------------------------


[POSTED] Create New A/P Credit Memo in SAP System.


[POSTED] -----------------------------------------




No of records process: 1
No of records success: 1
No of records skip: 0
No of records fail: 0

End Time: 2013-11-20 11:17:00Z
Job Complete [Success]
*******************************************************************

