*******************************************************************
Job name: A/P Service Invoice Synchronization (Fiex & SAP)
Argument: Server Batch Job
Start Time: 2015-12-30 11:26:57Z
Login to SAP Success, The following is the login information:
-------------------------------------------------------------------
SAP Database: PAY800
Login Server: 10.1.1.13
Login User  : manager
-------------------------------------------------------------------


[EXPORT] Export Data To Flex Environment.


[ExAcctCode] Get SubConBQ Info (Project Code: 94004I1H, Account Code: CC.SC002)


[ExAcctCode] Get SubConBQ Info (Project Code: 94004I1H, Account Code: CC.SC002)


[ExAcctCode] Get SubConBQ Info (Project Code: 94004I1H, Account Code: CC.SC004)


[ExAcctCode] Get SubConBQ Info (Project Code: 94004I1H, Account Code: CC.SC002)


[ExAcctCode] Get SubConBQ Info (Project Code: 94004I1H, Account Code: CC.SC002)


[ExAcctCode] Get SubConBQ Info (Project Code: 94004I1H, Account Code: CC.SC001)


[ExAcctCode] Get SubConBQ Info (Project Code: 94004I1H, Account Code: CC.SC004)


[ExAcctCode] Get SubConBQ Info (Project Code: 94004I1H, Account Code: CC.SC001)


[ExAcctCode] Get SubConBQ Info (Project Code: 94004I1H, Account Code: CC.SC001)

2015-12-30 11:26:57Z: Process Record: [[EXPORT]AP 24371], Success

[EXPORT] --------------------------------


[POSTED] Create New A/P Service Invoice in SAP System.


[POSTED] -----------------------------------------


[POSTED] Create New A/P Service Invoice in SAP System.


[POSTED] -----------------------------------------




No of records process: 1
No of records success: 1
No of records skip: 0
No of records fail: 0

End Time: 2015-12-30 11:26:57Z
Job Complete [Success]
*******************************************************************

