*******************************************************************
Job name: Journal Entry Synchronization (Fiex & SAP)
Argument: Server Batch Job
Start Time: 2016-05-30 15:30:28Z
Login to SAP Success, The following is the login information:
-------------------------------------------------------------------
SAP Database: PAY800
Login Server: 10.1.1.13
Login User  : manager
-------------------------------------------------------------------


[POSTED] Create New Journal Entry in SAP System.

2016-05-30 15:30:28Z: Process Record: [GJB6030001], Success
2016-05-30 15:30:28Z: Process Record: [GJB6010013], Success
2016-05-30 15:30:28Z: Process Record: [GJB6020008], Success
2016-05-30 15:30:28Z: Process Record: [GJB6020012], Success
2016-05-30 15:30:28Z: Process Record: [GJB6020013], Success



No of records process: 5
No of records success: 5
No of records skip: 0
No of records fail: 0

End Time: 2016-05-30 15:30:28Z
Job Complete [Success]
*******************************************************************

