*******************************************************************
Job name: A/P Credit Memo with Approval Procedure Synchronization (Fiex & SAP)
Argument: Server Batch Job
Start Time: 2016-05-30 16:53:21Z
Login to SAP Success, The following is the login information:
-------------------------------------------------------------------
SAP Database: PAY800
Login Server: 10.1.1.13
Login User  : manager
-------------------------------------------------------------------


[EXPORT] Export Data To Flex Environment.


[EXPORT] --------------------------------


[POSTED] Create New A/P Credit Memo in SAP System.


[POSTED] -----------------------------------------




No of records process: 0
No of records success: 0
No of records skip: 0
No of records fail: 0

End Time: 2016-05-30 16:53:21Z
Job Complete [Success]
*******************************************************************

