*******************************************************************
Job name: A/P Service Invoice Synchronization (Fiex & SAP)
Argument: Server Batch Job
Start Time: 2017-04-25 10:29:23Z
Login to SAP Success, The following is the login information:
-------------------------------------------------------------------
SAP Database: PAY800
Login Server: 10.1.1.13
Login User  : manager
-------------------------------------------------------------------


[EXPORT] Export Data To Flex Environment.


[EXPORT] --------------------------------


[POSTED] Create New A/P Service Invoice in SAP System.


[POSTED] -----------------------------------------


[POSTED] Create New A/P Service Invoice in SAP System.


[POSTED] -----------------------------------------


[ERROR] Error the document draft from backend table in SAP.

2017-04-25 10:29:23Z: Process Record: [S000024444], Success
2017-04-25 10:29:23Z: Process Record: [S000028121], Success
2017-04-25 10:29:23Z: Process Record: [S000028149], Success
2017-04-25 10:29:23Z: Process Record: [S000028224], Success

[ERROR] ----------------------------------------------------


[REJECT] Reject the document draft from backend table in SAP.


[REJECT] ----------------------------------------------------




No of records process: 4
No of records success: 4
No of records skip: 0
No of records fail: 0

End Time: 2017-04-25 10:29:23Z
Job Complete [Success]
*******************************************************************

